Arguments: 
  /home/petrolhead/.nvm/versions/node/v18.16.0/bin/node /home/petrolhead/.cache/node/corepack/yarn/1.22.19/bin/yarn.js add @hookform/resolvers

PATH: 
  /home/petrolhead/.nvm/versions/node/v18.16.0/bin:/usr/local/sbin:/usr/local/bin:/usr/sbin:/usr/bin:/sbin:/bin:/usr/games:/usr/local/games:/snap/bin:/home/petrolhead/.dotnet/tools:/home/petrolhead/.dotnet/tools:/opt/mssql-tools/bin:/opt/mssql-tools/bin:/opt/mssql-tools/bin

Yarn version: 
  1.22.19

Node version: 
  18.16.0

Platform: 
  linux x64

Trace: 
  Error: connect ENETUNREACH 104.16.23.35:443
      at TCPConnectWrap.afterConnect [as oncomplete] (node:net:1494:16)

npm manifest: 
  {
    "dependencies": {
      "react-hook-form": "^7.45.0"
    }
  }

yarn manifest: 
  No manifest

Lockfile: 
  # THIS IS AN AUTOGENERATED FILE. DO NOT EDIT THIS FILE DIRECTLY.
  # yarn lockfile v1
  
  
  react-hook-form@^7.45.0:
    version "7.45.0"
    resolved "https://registry.yarnpkg.com/react-hook-form/-/react-hook-form-7.45.0.tgz#df2bbc8cee598855a63ba446e0bb06f7c8120ccf"
    integrity sha512-AbHeZ4ad+0dEIknSW9dBgIwcvRDfZ1O97sgj75WaMdOX0eg8TBiUf9wxzVkIjZbk76BBIE9lmFOzyD4PN80ZQg==
